2019-10-03 19:50:32.926  INFO 31369 --- [main] i.d.p.s.SoftwareExampleApplicationTests  : Starting SoftwareExampleApplicationTests on Rodrigos-MacBook.local with PID 31369 (started by rodrigo in /Users/rodrigo/git/summaryReports/examples/maiorNotaAlunos/backend)
2019-10-03 19:50:32.932  INFO 31369 --- [main] i.d.p.s.SoftwareExampleApplicationTests  : No active profile set, falling back to default profiles: default
2019-10-03 19:50:33.860  INFO 31369 --- [main] o.s.w.c.s.GenericWebApplicationContext   : Refreshing org.springframework.web.context.support.GenericWebApplicationContext@219a2203: startup date [Thu Oct 03 19:50:33 BRT 2019]; root of context hierarchy
2019-10-03 19:50:37.967  INFO 31369 --- [main] f.a.AutowiredAnnotationBeanPostProcessor : JSR-330 'javax.inject.Inject' annotation found and supported for autowiring
2019-10-03 19:50:38.278  INFO 31369 --- [main] trationDelegate$BeanPostProcessorChecker : Bean 'org.springframework.transaction.annotation.ProxyTransactionManagementConfiguration' of type [org.springframework.transaction.annotation.ProxyTransactionManagementConfiguration$$EnhancerBySpringCGLIB$$92f58d98] is not eligible for getting processed by all BeanPostProcessors (for example: not eligible for auto-proxying)
2019-10-03 19:50:38.477  INFO 31369 --- [main] trationDelegate$BeanPostProcessorChecker : Bean 'org.springframework.security.config.annotation.configuration.ObjectPostProcessorConfiguration' of type [org.springframework.security.config.annotation.configuration.ObjectPostProcessorConfiguration$$EnhancerBySpringCGLIB$$2ba355d2] is not eligible for getting processed by all BeanPostProcessors (for example: not eligible for auto-proxying)
2019-10-03 19:50:38.503  INFO 31369 --- [main] trationDelegate$BeanPostProcessorChecker : Bean 'objectPostProcessor' of type [org.springframework.security.config.annotation.configuration.AutowireBeanFactoryObjectPostProcessor] is not eligible for getting processed by all BeanPostProcessors (for example: not eligible for auto-proxying)
2019-10-03 19:50:38.509  INFO 31369 --- [main] trationDelegate$BeanPostProcessorChecker : Bean 'org.springframework.security.access.expression.method.DefaultMethodSecurityExpressionHandler@4e70f7a' of type [org.springframework.security.access.expression.method.DefaultMethodSecurityExpressionHandler] is not eligible for getting processed by all BeanPostProcessors (for example: not eligible for auto-proxying)
2019-10-03 19:50:38.543  INFO 31369 --- [main] trationDelegate$BeanPostProcessorChecker : Bean 'methodSecurityConfig' of type [io.demo.potter.softwareexample.core.config.MethodSecurityConfig$$EnhancerBySpringCGLIB$$41f0f07] is not eligible for getting processed by all BeanPostProcessors (for example: not eligible for auto-proxying)
2019-10-03 19:50:38.582  INFO 31369 --- [main] trationDelegate$BeanPostProcessorChecker : Bean 'methodSecurityMetadataSource' of type [org.springframework.security.access.method.DelegatingMethodSecurityMetadataSource] is not eligible for getting processed by all BeanPostProcessors (for example: not eligible for auto-proxying)
2019-10-03 19:50:39.294  INFO 31369 --- [main] com.zaxxer.hikari.HikariDataSource       : HikariPool-1 - Starting...
2019-10-03 19:50:39.738  INFO 31369 --- [main] com.zaxxer.hikari.HikariDataSource       : HikariPool-1 - Start completed.
2019-10-03 19:50:39.977  INFO 31369 --- [main] j.LocalContainerEntityManagerFactoryBean : Building JPA container EntityManagerFactory for persistence unit 'default'
2019-10-03 19:50:40.064  INFO 31369 --- [main] o.hibernate.jpa.internal.util.LogHelper  : HHH000204: Processing PersistenceUnitInfo [
	name: default
	...]
2019-10-03 19:50:40.368  INFO 31369 --- [main] org.hibernate.Version                    : HHH000412: Hibernate Core {5.2.17.Final}
2019-10-03 19:50:40.372  INFO 31369 --- [main] org.hibernate.cfg.Environment            : HHH000206: hibernate.properties not found
2019-10-03 19:50:40.592  INFO 31369 --- [main] o.hibernate.annotations.common.Version   : HCANN000001: Hibernate Commons Annotations {5.0.1.Final}
2019-10-03 19:50:41.076  INFO 31369 --- [main] org.hibernate.dialect.Dialect            : HHH000400: Using dialect: org.hibernate.dialect.PostgreSQL95Dialect
2019-10-03 19:50:41.359  INFO 31369 --- [main] o.h.e.j.e.i.LobCreatorBuilderImpl        : HHH000421: Disabling contextual LOB creation as hibernate.jdbc.lob.non_contextual_creation is true
2019-10-03 19:50:41.363  INFO 31369 --- [main] org.hibernate.type.BasicTypeRegistry     : HHH000270: Type registration [java.util.UUID] overrides previous : org.hibernate.type.UUIDBinaryType@3859970e
2019-10-03 19:50:43.885  INFO 31369 --- [main] j.LocalContainerEntityManagerFactoryBean : Initialized JPA EntityManagerFactory for persistence unit 'default'
2019-10-03 19:50:46.529  INFO 31369 --- [main] i.d.p.s.c.api.ApiVersionRequestMapping   : Mapped "{[/v1/permissions/{id}],methods=[PUT]}" onto public org.springframework.http.ResponseEntity<D> io.demo.potter.softwareexample.core.controller.CrudBaseController.update(javax.servlet.http.HttpServletRequest,T,D) throws io.demo.potter.softwareexample.core.exception.BusinessException
2019-10-03 19:50:46.535  INFO 31369 --- [main] i.d.p.s.c.api.ApiVersionRequestMapping   : Mapped "{[/v1/permissions/{id}],methods=[DELETE]}" onto public org.springframework.http.ResponseEntity<?> io.demo.potter.softwareexample.core.controller.CrudBaseController.delete(javax.servlet.http.HttpServletRequest,T) throws io.demo.potter.softwareexample.core.exception.BusinessException
2019-10-03 19:50:46.540  INFO 31369 --- [main] i.d.p.s.c.api.ApiVersionRequestMapping   : Mapped "{[/v1/permissions],methods=[POST]}" onto public org.springframework.http.ResponseEntity<D> io.demo.potter.softwareexample.core.controller.CrudBaseController.insert(javax.servlet.http.HttpServletRequest,D) throws io.demo.potter.softwareexample.core.exception.BusinessException
2019-10-03 19:50:46.543  INFO 31369 --- [main] i.d.p.s.c.api.ApiVersionRequestMapping   : Mapped "{[/v1/permissions/{id}],methods=[PATCH]}" onto public org.springframework.http.ResponseEntity<D> io.demo.potter.softwareexample.core.controller.CrudBaseController.updatePartial(javax.servlet.http.HttpServletRequest,T,D) throws java.lang.Exception
2019-10-03 19:50:46.547  INFO 31369 --- [main] i.d.p.s.c.api.ApiVersionRequestMapping   : Mapped "{[/v1/permissions],methods=[GET],params=[filter]}" onto public org.springframework.http.ResponseEntity<io.demo.potter.softwareexample.core.dto.ModelDTO> io.demo.potter.softwareexample.core.controller.SearchBaseController.search(javax.servlet.http.HttpServletRequest,java.lang.String)
2019-10-03 19:50:46.550  INFO 31369 --- [main] i.d.p.s.c.api.ApiVersionRequestMapping   : Mapped "{[/v1/permissions],methods=[GET]}" onto public org.springframework.http.ResponseEntity<io.demo.potter.softwareexample.core.dto.ModelDTO> io.demo.potter.softwareexample.core.controller.SearchBaseController.search(javax.servlet.http.HttpServletRequest)
2019-10-03 19:50:46.554  INFO 31369 --- [main] i.d.p.s.c.api.ApiVersionRequestMapping   : Mapped "{[/v1/permissions/{id}],methods=[GET]}" onto public D io.demo.potter.softwareexample.core.controller.SearchBaseController.getOne(javax.servlet.http.HttpServletRequest,T)
2019-10-03 19:50:46.592  INFO 31369 --- [main] i.d.p.s.c.api.ApiVersionRequestMapping   : Mapped "{[/v1/roles/{id}],methods=[PUT]}" onto public org.springframework.http.ResponseEntity<D> io.demo.potter.softwareexample.core.controller.CrudBaseController.update(javax.servlet.http.HttpServletRequest,T,D) throws io.demo.potter.softwareexample.core.exception.BusinessException
2019-10-03 19:50:46.594  INFO 31369 --- [main] i.d.p.s.c.api.ApiVersionRequestMapping   : Mapped "{[/v1/roles/{id}],methods=[DELETE]}" onto public org.springframework.http.ResponseEntity<?> io.demo.potter.softwareexample.core.controller.CrudBaseController.delete(javax.servlet.http.HttpServletRequest,T) throws io.demo.potter.softwareexample.core.exception.BusinessException
2019-10-03 19:50:46.598  INFO 31369 --- [main] i.d.p.s.c.api.ApiVersionRequestMapping   : Mapped "{[/v1/roles],methods=[POST]}" onto public org.springframework.http.ResponseEntity<D> io.demo.potter.softwareexample.core.controller.CrudBaseController.insert(javax.servlet.http.HttpServletRequest,D) throws io.demo.potter.softwareexample.core.exception.BusinessException
2019-10-03 19:50:46.600  INFO 31369 --- [main] i.d.p.s.c.api.ApiVersionRequestMapping   : Mapped "{[/v1/roles/{id}],methods=[PATCH]}" onto public org.springframework.http.ResponseEntity<D> io.demo.potter.softwareexample.core.controller.CrudBaseController.updatePartial(javax.servlet.http.HttpServletRequest,T,D) throws java.lang.Exception
2019-10-03 19:50:46.602  INFO 31369 --- [main] i.d.p.s.c.api.ApiVersionRequestMapping   : Mapped "{[/v1/roles],methods=[GET],params=[filter]}" onto public org.springframework.http.ResponseEntity<io.demo.potter.softwareexample.core.dto.ModelDTO> io.demo.potter.softwareexample.core.controller.SearchBaseController.search(javax.servlet.http.HttpServletRequest,java.lang.String)
2019-10-03 19:50:46.604  INFO 31369 --- [main] i.d.p.s.c.api.ApiVersionRequestMapping   : Mapped "{[/v1/roles],methods=[GET]}" onto public org.springframework.http.ResponseEntity<io.demo.potter.softwareexample.core.dto.ModelDTO> io.demo.potter.softwareexample.core.controller.SearchBaseController.search(javax.servlet.http.HttpServletRequest)
2019-10-03 19:50:46.606  INFO 31369 --- [main] i.d.p.s.c.api.ApiVersionRequestMapping   : Mapped "{[/v1/roles/{id}],methods=[GET]}" onto public D io.demo.potter.softwareexample.core.controller.SearchBaseController.getOne(javax.servlet.http.HttpServletRequest,T)
2019-10-03 19:50:46.626  INFO 31369 --- [main] i.d.p.s.c.api.ApiVersionRequestMapping   : Mapped "{[/v1/turmas/{id}],methods=[PUT]}" onto public org.springframework.http.ResponseEntity<D> io.demo.potter.softwareexample.core.controller.CrudBaseController.update(javax.servlet.http.HttpServletRequest,T,D) throws io.demo.potter.softwareexample.core.exception.BusinessException
2019-10-03 19:50:46.628  INFO 31369 --- [main] i.d.p.s.c.api.ApiVersionRequestMapping   : Mapped "{[/v1/turmas/{id}],methods=[DELETE]}" onto public org.springframework.http.ResponseEntity<?> io.demo.potter.softwareexample.core.controller.CrudBaseController.delete(javax.servlet.http.HttpServletRequest,T) throws io.demo.potter.softwareexample.core.exception.BusinessException
2019-10-03 19:50:46.648  INFO 31369 --- [main] i.d.p.s.c.api.ApiVersionRequestMapping   : Mapped "{[/v1/turmas],methods=[POST]}" onto public org.springframework.http.ResponseEntity<D> io.demo.potter.softwareexample.core.controller.CrudBaseController.insert(javax.servlet.http.HttpServletRequest,D) throws io.demo.potter.softwareexample.core.exception.BusinessException
2019-10-03 19:50:46.651  INFO 31369 --- [main] i.d.p.s.c.api.ApiVersionRequestMapping   : Mapped "{[/v1/turmas/{id}],methods=[PATCH]}" onto public org.springframework.http.ResponseEntity<D> io.demo.potter.softwareexample.core.controller.CrudBaseController.updatePartial(javax.servlet.http.HttpServletRequest,T,D) throws java.lang.Exception
2019-10-03 19:50:46.655  INFO 31369 --- [main] i.d.p.s.c.api.ApiVersionRequestMapping   : Mapped "{[/v1/turmas],methods=[GET],params=[filter]}" onto public org.springframework.http.ResponseEntity<io.demo.potter.softwareexample.core.dto.ModelDTO> io.demo.potter.softwareexample.core.controller.SearchBaseController.search(javax.servlet.http.HttpServletRequest,java.lang.String)
2019-10-03 19:50:46.660  INFO 31369 --- [main] i.d.p.s.c.api.ApiVersionRequestMapping   : Mapped "{[/v1/turmas],methods=[GET]}" onto public org.springframework.http.ResponseEntity<io.demo.potter.softwareexample.core.dto.ModelDTO> io.demo.potter.softwareexample.core.controller.SearchBaseController.search(javax.servlet.http.HttpServletRequest)
2019-10-03 19:50:46.664  INFO 31369 --- [main] i.d.p.s.c.api.ApiVersionRequestMapping   : Mapped "{[/v1/turmas/{id}],methods=[GET]}" onto public D io.demo.potter.softwareexample.core.controller.SearchBaseController.getOne(javax.servlet.http.HttpServletRequest,T)
2019-10-03 19:50:46.695  INFO 31369 --- [main] i.d.p.s.c.api.ApiVersionRequestMapping   : Mapped "{[/v1/users/current/password],methods=[PATCH]}" onto public org.springframework.http.ResponseEntity<?> io.demo.potter.softwareexample.controller.UserController.updateCurrentPassword(io.demo.potter.softwareexample.dto.UserDTO) throws io.demo.potter.softwareexample.core.exception.BusinessException
2019-10-03 19:50:46.697  INFO 31369 --- [main] i.d.p.s.c.api.ApiVersionRequestMapping   : Mapped "{[/v1/users/{id}],methods=[PUT]}" onto public org.springframework.http.ResponseEntity<D> io.demo.potter.softwareexample.core.controller.CrudBaseController.update(javax.servlet.http.HttpServletRequest,T,D) throws io.demo.potter.softwareexample.core.exception.BusinessException
2019-10-03 19:50:46.701  INFO 31369 --- [main] i.d.p.s.c.api.ApiVersionRequestMapping   : Mapped "{[/v1/users/{id}],methods=[DELETE]}" onto public org.springframework.http.ResponseEntity<?> io.demo.potter.softwareexample.core.controller.CrudBaseController.delete(javax.servlet.http.HttpServletRequest,T) throws io.demo.potter.softwareexample.core.exception.BusinessException
2019-10-03 19:50:46.708  INFO 31369 --- [main] i.d.p.s.c.api.ApiVersionRequestMapping   : Mapped "{[/v1/users],methods=[POST]}" onto public org.springframework.http.ResponseEntity<D> io.demo.potter.softwareexample.core.controller.CrudBaseController.insert(javax.servlet.http.HttpServletRequest,D) throws io.demo.potter.softwareexample.core.exception.BusinessException
2019-10-03 19:50:46.713  INFO 31369 --- [main] i.d.p.s.c.api.ApiVersionRequestMapping   : Mapped "{[/v1/users/{id}],methods=[PATCH]}" onto public org.springframework.http.ResponseEntity<D> io.demo.potter.softwareexample.core.controller.CrudBaseController.updatePartial(javax.servlet.http.HttpServletRequest,T,D) throws java.lang.Exception
2019-10-03 19:50:46.716  INFO 31369 --- [main] i.d.p.s.c.api.ApiVersionRequestMapping   : Mapped "{[/v1/users],methods=[GET],params=[filter]}" onto public org.springframework.http.ResponseEntity<io.demo.potter.softwareexample.core.dto.ModelDTO> io.demo.potter.softwareexample.core.controller.SearchBaseController.search(javax.servlet.http.HttpServletRequest,java.lang.String)
2019-10-03 19:50:46.721  INFO 31369 --- [main] i.d.p.s.c.api.ApiVersionRequestMapping   : Mapped "{[/v1/users],methods=[GET]}" onto public org.springframework.http.ResponseEntity<io.demo.potter.softwareexample.core.dto.ModelDTO> io.demo.potter.softwareexample.core.controller.SearchBaseController.search(javax.servlet.http.HttpServletRequest)
2019-10-03 19:50:46.723  INFO 31369 --- [main] i.d.p.s.c.api.ApiVersionRequestMapping   : Mapped "{[/v1/users/{id}],methods=[GET]}" onto public D io.demo.potter.softwareexample.core.controller.SearchBaseController.getOne(javax.servlet.http.HttpServletRequest,T)
2019-10-03 19:50:46.734  INFO 31369 --- [main] i.d.p.s.c.api.ApiVersionRequestMapping   : Mapped "{[/swagger-resources/configuration/security]}" onto public org.springframework.http.ResponseEntity<springfox.documentation.swagger.web.SecurityConfiguration> springfox.documentation.swagger.web.ApiResourceController.securityConfiguration()
2019-10-03 19:50:46.738  INFO 31369 --- [main] i.d.p.s.c.api.ApiVersionRequestMapping   : Mapped "{[/swagger-resources/configuration/ui]}" onto public org.springframework.http.ResponseEntity<springfox.documentation.swagger.web.UiConfiguration> springfox.documentation.swagger.web.ApiResourceController.uiConfiguration()
2019-10-03 19:50:46.743  INFO 31369 --- [main] i.d.p.s.c.api.ApiVersionRequestMapping   : Mapped "{[/swagger-resources]}" onto public org.springframework.http.ResponseEntity<java.util.List<springfox.documentation.swagger.web.SwaggerResource>> springfox.documentation.swagger.web.ApiResourceController.swaggerResources()
2019-10-03 19:50:46.771  INFO 31369 --- [main] i.d.p.s.c.api.ApiVersionRequestMapping   : Mapped "{[/error]}" onto public org.springframework.http.ResponseEntity<java.util.Map<java.lang.String, java.lang.Object>> org.springframework.boot.autoconfigure.web.servlet.error.BasicErrorController.error(javax.servlet.http.HttpServletRequest)
2019-10-03 19:50:46.772  INFO 31369 --- [main] i.d.p.s.c.api.ApiVersionRequestMapping   : Mapped "{[/error],produces=[text/html]}" onto public org.springframework.web.servlet.ModelAndView org.springframework.boot.autoconfigure.web.servlet.error.BasicErrorController.errorHtml(javax.servlet.http.HttpServletRequest,javax.servlet.http.HttpServletResponse)
2019-10-03 19:50:47.483  INFO 31369 --- [main] .s.s.UserDetailsServiceAutoConfiguration : 

Using generated security password: d8b309aa-a6fc-4ab8-9134-cdd3c437b941

2019-10-03 19:50:48.039  INFO 31369 --- [main] pertySourcedRequestMappingHandlerMapping : Mapped URL path [/v2/api-docs] onto method [public org.springframework.http.ResponseEntity<springfox.documentation.spring.web.json.Json> springfox.documentation.swagger2.web.Swagger2Controller.getDocumentation(java.lang.String,javax.servlet.http.HttpServletRequest)]
2019-10-03 19:50:48.151  INFO 31369 --- [main] o.s.w.s.handler.SimpleUrlHandlerMapping  : Mapped URL path [/swagger-ui.html] onto handler of type [class org.springframework.web.servlet.resource.ResourceHttpRequestHandler]
2019-10-03 19:50:48.151  INFO 31369 --- [main] o.s.w.s.handler.SimpleUrlHandlerMapping  : Mapped URL path [/webjars/**] onto handler of type [class org.springframework.web.servlet.resource.ResourceHttpRequestHandler]
2019-10-03 19:50:48.206  INFO 31369 --- [main] o.s.s.web.DefaultSecurityFilterChain     : Creating filter chain: org.springframework.security.web.util.matcher.AnyRequestMatcher@1, [org.springframework.security.web.context.request.async.WebAsyncManagerIntegrationFilter@5ac41c0c, org.springframework.security.web.context.SecurityContextPersistenceFilter@67f5dc0a, org.springframework.security.web.header.HeaderWriterFilter@1efc4b72, org.springframework.web.filter.CorsFilter@50ba1574, org.springframework.security.web.authentication.logout.LogoutFilter@30545e37, io.demo.potter.softwareexample.core.security.CORSOptionsFilter@2e9d759d, io.demo.potter.softwareexample.core.security.LoginFilter@1be122fb, io.demo.potter.softwareexample.core.security.JWTRefreshAuthenticationFilter@61bf79f7, io.demo.potter.softwareexample.core.security.AuthenticationFilter@612ed101, org.springframework.security.web.savedrequest.RequestCacheAwareFilter@39db8a43, org.springframework.security.web.servletapi.SecurityContextHolderAwareRequestFilter@3e8a5e35, org.springframework.security.web.authentication.AnonymousAuthenticationFilter@24da6124, org.springframework.security.web.session.SessionManagementFilter@6d1f8155, org.springframework.security.web.access.ExceptionTranslationFilter@46120faf, org.springframework.security.web.access.intercept.FilterSecurityInterceptor@1957203d]
2019-10-03 19:50:48.420  INFO 31369 --- [main] s.w.s.m.m.a.RequestMappingHandlerAdapter : Looking for @ControllerAdvice: org.springframework.web.context.support.GenericWebApplicationContext@219a2203: startup date [Thu Oct 03 19:50:33 BRT 2019]; root of context hierarchy
2019-10-03 19:50:48.563  INFO 31369 --- [main] .m.m.a.ExceptionHandlerExceptionResolver : Detected @ExceptionHandler methods in restExceptionHandler
2019-10-03 19:50:49.356  WARN 31369 --- [main] aWebConfiguration$JpaWebMvcConfiguration : spring.jpa.open-in-view is enabled by default. Therefore, database queries may be performed during view rendering. Explicitly configure spring.jpa.open-in-view to disable this warning
2019-10-03 19:50:50.247  INFO 31369 --- [main] o.s.c.support.DefaultLifecycleProcessor  : Starting beans in phase 2147483647
2019-10-03 19:50:50.247  INFO 31369 --- [main] d.s.w.p.DocumentationPluginsBootstrapper : Context refreshed
2019-10-03 19:50:50.315  INFO 31369 --- [main] d.s.w.p.DocumentationPluginsBootstrapper : Found 1 custom documentation plugin(s)
2019-10-03 19:50:50.661  INFO 31369 --- [main] s.d.s.w.s.ApiListingReferenceScanner     : Scanning for api listing references
2019-10-03 19:50:51.047  INFO 31369 --- [main] .d.s.w.r.o.CachingOperationNameGenerator : Generating unique operation named: searchUsingGET_1
2019-10-03 19:50:51.117  INFO 31369 --- [main] .d.s.w.r.o.CachingOperationNameGenerator : Generating unique operation named: deleteUsingDELETE_1
2019-10-03 19:50:51.140  INFO 31369 --- [main] .d.s.w.r.o.CachingOperationNameGenerator : Generating unique operation named: getOneUsingGET_1
2019-10-03 19:50:51.176  INFO 31369 --- [main] .d.s.w.r.o.CachingOperationNameGenerator : Generating unique operation named: insertUsingPOST_1
2019-10-03 19:50:51.195  INFO 31369 --- [main] .d.s.w.r.o.CachingOperationNameGenerator : Generating unique operation named: searchUsingGET_2
2019-10-03 19:50:51.209  INFO 31369 --- [main] .d.s.w.r.o.CachingOperationNameGenerator : Generating unique operation named: searchUsingGET_3
2019-10-03 19:50:51.236  INFO 31369 --- [main] .d.s.w.r.o.CachingOperationNameGenerator : Generating unique operation named: updateUsingPUT_1
2019-10-03 19:50:51.261  INFO 31369 --- [main] .d.s.w.r.o.CachingOperationNameGenerator : Generating unique operation named: updatePartialUsingPATCH_1
2019-10-03 19:50:51.287  INFO 31369 --- [main] .d.s.w.r.o.CachingOperationNameGenerator : Generating unique operation named: deleteUsingDELETE_2
2019-10-03 19:50:51.314  INFO 31369 --- [main] .d.s.w.r.o.CachingOperationNameGenerator : Generating unique operation named: getOneUsingGET_2
2019-10-03 19:50:51.342  INFO 31369 --- [main] .d.s.w.r.o.CachingOperationNameGenerator : Generating unique operation named: insertUsingPOST_2
2019-10-03 19:50:51.364  INFO 31369 --- [main] .d.s.w.r.o.CachingOperationNameGenerator : Generating unique operation named: searchUsingGET_4
2019-10-03 19:50:51.379  INFO 31369 --- [main] .d.s.w.r.o.CachingOperationNameGenerator : Generating unique operation named: searchUsingGET_5
2019-10-03 19:50:51.411  INFO 31369 --- [main] .d.s.w.r.o.CachingOperationNameGenerator : Generating unique operation named: updateUsingPUT_2
2019-10-03 19:50:51.451  INFO 31369 --- [main] .d.s.w.r.o.CachingOperationNameGenerator : Generating unique operation named: updatePartialUsingPATCH_2
2019-10-03 19:50:51.481  INFO 31369 --- [main] .d.s.w.r.o.CachingOperationNameGenerator : Generating unique operation named: deleteUsingDELETE_3
2019-10-03 19:50:51.523  INFO 31369 --- [main] .d.s.w.r.o.CachingOperationNameGenerator : Generating unique operation named: getOneUsingGET_3
2019-10-03 19:50:51.574  INFO 31369 --- [main] .d.s.w.r.o.CachingOperationNameGenerator : Generating unique operation named: insertUsingPOST_3
2019-10-03 19:50:51.596  INFO 31369 --- [main] .d.s.w.r.o.CachingOperationNameGenerator : Generating unique operation named: searchUsingGET_6
2019-10-03 19:50:51.612  INFO 31369 --- [main] .d.s.w.r.o.CachingOperationNameGenerator : Generating unique operation named: searchUsingGET_7
2019-10-03 19:50:51.644  INFO 31369 --- [main] .d.s.w.r.o.CachingOperationNameGenerator : Generating unique operation named: updateUsingPUT_3
2019-10-03 19:50:51.688  INFO 31369 --- [main] .d.s.w.r.o.CachingOperationNameGenerator : Generating unique operation named: updatePartialUsingPATCH_3
2019-10-03 19:50:51.760  INFO 31369 --- [main] i.d.p.s.SoftwareExampleApplicationTests  : Started SoftwareExampleApplicationTests in 27.487 seconds (JVM running for 41.722)
2019-10-03 19:50:52.143  INFO 31369 --- [Thread-3] o.s.w.c.s.GenericWebApplicationContext   : Closing org.springframework.web.context.support.GenericWebApplicationContext@219a2203: startup date [Thu Oct 03 19:50:33 BRT 2019]; root of context hierarchy
2019-10-03 19:50:52.155  INFO 31369 --- [Thread-3] o.s.c.support.DefaultLifecycleProcessor  : Stopping beans in phase 2147483647
2019-10-03 19:50:52.166  INFO 31369 --- [Thread-3] j.LocalContainerEntityManagerFactoryBean : Closing JPA EntityManagerFactory for persistence unit 'default'
2019-10-03 19:50:52.169  INFO 31369 --- [Thread-3] com.zaxxer.hikari.HikariDataSource       : HikariPool-1 - Shutdown initiated...
2019-10-03 19:50:52.182  INFO 31369 --- [Thread-3] com.zaxxer.hikari.HikariDataSource       : HikariPool-1 - Shutdown completed.
